<?xml version="1.0" encoding="UTF-8"?>
<!-- Generated by org.testng.reporters.JUnitReportReporter -->
<testsuite hostname="DESKTOP-H6V4GD0" failures="0" tests="5" name="com.tests.SauceValidLoginTest2" time="42.667" errors="0" timestamp="2024-07-05T19:45:47 IST" skipped="0">
  <testcase classname="com.tests.SauceValidLoginTest2" name="invalidLoginTest" time="7.542"/>
  <system-out/>
  <testcase classname="com.tests.SauceValidLoginTest2" name="invalidLoginTest" time="8.506"/>
  <system-out/>
  <testcase classname="com.tests.SauceValidLoginTest2" name="invalidLoginTest" time="12.467"/>
  <system-out/>
  <testcase classname="com.tests.SauceValidLoginTest2" name="invalidLoginTest" time="6.904"/>
  <system-out/>
  <testcase classname="com.tests.SauceValidLoginTest2" name="invalidLoginTest" time="7.248"/>
  <system-out/>
</testsuite> <!-- com.tests.SauceValidLoginTest2 -->
