<?xml version="1.0" encoding="UTF-8"?>
<!-- Generated by org.testng.reporters.JUnitReportReporter -->
<testsuite skipped="2" hostname="Manish" name="com.pack1.Tester4" tests="12" failures="0" timestamp="15 Feb 2020 04:06:11 GMT" time="0.024" errors="0">
  <testcase name="test9" time="0.000" classname="com.pack1.Tester4"/>
  <testcase name="test9" time="0.004" classname="com.pack1.Tester4"/>
  <testcase name="test9" time="0.003" classname="com.pack1.Tester4"/>
  <testcase name="test9" time="0.000" classname="com.pack1.Tester4"/>
  <testcase name="test9" time="0.000" classname="com.pack1.Tester4"/>
  <testcase name="test9" time="0.000" classname="com.pack1.Tester4"/>
  <testcase name="test7" time="0.001" classname="com.pack1.Tester4"/>
  <testcase name="test7" time="0.000" classname="com.pack1.Tester4"/>
  <testcase name="test9" time="0.000" classname="com.pack1.Tester4"/>
  <testcase name="test9" time="0.016" classname="com.pack1.Tester4"/>
  <testcase name="test8" classname="com.pack1.Tester4">
    <skipped/>
  </testcase> <!-- test8 -->
  <testcase name="test8" classname="com.pack1.Tester4">
    <skipped/>
  </testcase> <!-- test8 -->
</testsuite> <!-- com.pack1.Tester4 -->
