<?xml version="1.0" encoding="UTF-8"?>
<!-- Generated by org.testng.reporters.JUnitReportReporter -->
<testsuite skipped="0" hostname="Manish" name="com.pack1.Tester2" tests="6" failures="0" timestamp="15 Feb 2020 04:06:11 GMT" time="0.015" errors="0">
  <testcase name="test2" time="0.003" classname="com.pack1.Tester2"/>
  <testcase name="test1" time="0.002" classname="com.pack1.Tester2"/>
  <testcase name="test3" time="0.003" classname="com.pack1.Tester2"/>
  <testcase name="test2" time="0.001" classname="com.pack1.Tester2"/>
  <testcase name="test3" time="0.003" classname="com.pack1.Tester2"/>
  <testcase name="test1" time="0.003" classname="com.pack1.Tester2"/>
</testsuite> <!-- com.pack1.Tester2 -->
