<?xml version="1.0" encoding="UTF-8"?>
<!-- Generated by org.testng.reporters.JUnitReportReporter -->
<testsuite skipped="0" hostname="Manish" name="com.pack1.Tester3" tests="4" failures="0" timestamp="15 Feb 2020 04:06:11 GMT" time="0.023" errors="0">
  <testcase name="test5" time="0.000" classname="com.pack1.Tester3"/>
  <testcase name="test5" time="0.022" classname="com.pack1.Tester3"/>
  <testcase name="test6" time="0.001" classname="com.pack1.Tester3"/>
  <testcase name="test6" time="0.000" classname="com.pack1.Tester3"/>
</testsuite> <!-- com.pack1.Tester3 -->
