<?xml version="1.0" encoding="UTF-8"?>
<!-- Generated by org.testng.reporters.JUnitReportReporter -->
<testsuite skipped="0" hostname="Manish" name="com.pack1.Tester1" tests="1" failures="0" timestamp="15 Feb 2020 04:06:51 GMT" time="0.005" errors="0">
  <testcase name="test" time="0.005" classname="com.pack1.Tester1"/>
</testsuite> <!-- com.pack1.Tester1 -->
