<?xml version="1.0" encoding="UTF-8"?>
<!-- Generated by org.testng.reporters.JUnitReportReporter -->
<testsuite hostname="DESKTOP-H6V4GD0" failures="0" tests="1" name="com.standalone.SauceDemoE2eTest" time="39.274" errors="0" timestamp="2024-05-16T20:43:34 IST" skipped="0">
  <testcase classname="com.standalone.SauceDemoE2eTest" name="sauceE2eTest" time="39.274"/>
  <system-out/>
</testsuite> <!-- com.standalone.SauceDemoE2eTest -->
