<?xml version="1.0" encoding="UTF-8"?>
<!-- Generated by org.testng.reporters.JUnitReportReporter -->
<testsuite hostname="DESKTOP-H6V4GD0" failures="0" tests="1" name="com.tests.SauceInvalidLoginTest" time="8.219" errors="0" timestamp="2024-05-20T20:16:35 IST" skipped="0">
  <testcase classname="com.tests.SauceInvalidLoginTest" name="invalidLoginTest" time="8.219"/>
  <system-out/>
</testsuite> <!-- com.tests.SauceInvalidLoginTest -->
