<?xml version="1.0" encoding="UTF-8"?>
<!-- Generated by org.testng.reporters.JUnitReportReporter -->
<testsuite hostname="DESKTOP-H6V4GD0" failures="0" tests="1" name="com.pack2.M2a1" time="5.824" errors="0" timestamp="2024-05-06T18:58:34 IST" skipped="0">
  <testcase classname="com.pack2.M2a1" name="test" time="5.824"/>
  <system-out/>
</testsuite> <!-- com.pack2.M2a1 -->
