<?xml version="1.0" encoding="UTF-8"?>
<!-- Generated by org.testng.reporters.JUnitReportReporter -->
<testsuite hostname="DESKTOP-H6V4GD0" failures="0" tests="1" name="com.pack3.Tester1" time="25.812" errors="0" timestamp="2024-05-07T19:38:45 IST" skipped="0">
  <testcase classname="com.pack3.Tester1" name="test" time="25.812"/>
  <system-out/>
</testsuite> <!-- com.pack3.Tester1 -->
