<?xml version="1.0" encoding="UTF-8"?>
<!-- Generated by org.testng.reporters.JUnitReportReporter -->
<testsuite hostname="Manish" name="com.pack1.Tester" tests="1" failures="0" timestamp="10 Feb 2020 03:54:45 GMT" time="33.557" errors="0">
  <testcase name="atitimeLogin" time="33.557" classname="com.pack1.Tester"/>
</testsuite> <!-- com.pack1.Tester -->
