<?xml version="1.0" encoding="UTF-8"?>
<!-- Generated by org.testng.reporters.JUnitReportReporter -->
<testsuite hostname="DESKTOP-H6V4GD0" failures="0" tests="1" name="com.standalone.SauceInvalidLoginTest" time="5.174" errors="0" timestamp="2024-05-16T20:47:54 IST" skipped="0">
  <testcase classname="com.standalone.SauceInvalidLoginTest" name="invalidLoginTest" time="5.174"/>
  <system-out/>
</testsuite> <!-- com.standalone.SauceInvalidLoginTest -->
