<?xml version="1.0" encoding="UTF-8"?>
<!-- Generated by org.testng.reporters.JUnitReportReporter -->
<testsuite hostname="DESKTOP-H6V4GD0" failures="0" tests="2" name="com.pack2.M2" time="7.642" errors="0" timestamp="2024-07-01T19:46:13 IST" skipped="0">
  <testcase classname="com.pack2.M2" name="atitimeLogin" time="2.838"/>
  <system-out/>
  <testcase classname="com.pack2.M2" name="atitimeLogin" time="4.804"/>
  <system-out/>
</testsuite> <!-- com.pack2.M2 -->
