<?xml version="1.0" encoding="UTF-8"?>
<!-- Generated by org.testng.reporters.JUnitReportReporter -->
<testsuite hostname="DESKTOP-H6V4GD0" failures="0" tests="1" name="com.pack2.M1" time="10.624" errors="0" timestamp="2024-07-01T19:39:55 IST" skipped="0">
  <testcase classname="com.pack2.M1" name="atitimeLogin" time="10.624"/>
  <system-out/>
</testsuite> <!-- com.pack2.M1 -->
