<?xml version="1.0" encoding="UTF-8"?>
<!-- Generated by org.testng.reporters.JUnitReportReporter -->
<testsuite hostname="DESKTOP-H6V4GD0" failures="0" tests="1" name="com.pack3.Tester2" time="5.240" errors="0" timestamp="2024-07-01T19:46:30 IST" skipped="0">
  <testcase classname="com.pack3.Tester2" name="atitimeLogin3" time="5.240"/>
  <system-out/>
</testsuite> <!-- com.pack3.Tester2 -->
