<?xml version="1.0" encoding="UTF-8"?>
<!-- Generated by org.testng.reporters.JUnitReportReporter -->
<testsuite hostname="DESKTOP-H6V4GD0" failures="0" tests="1" name="com.tests.SauceInvalidLoginTest" time="11.759" errors="0" timestamp="2024-05-20T20:31:58 IST" skipped="0">
  <testcase classname="com.tests.SauceInvalidLoginTest" name="invalidLoginTest" time="11.759"/>
  <system-out/>
</testsuite> <!-- com.tests.SauceInvalidLoginTest -->
