<?xml version="1.0" encoding="UTF-8"?>
<!-- Generated by org.testng.reporters.JUnitReportReporter -->
<testsuite hostname="DESKTOP-H6V4GD0" failures="0" tests="1" name="com.tests.SauceValidLoginTest" time="19.544" errors="0" timestamp="2024-07-05T19:44:44 IST" skipped="0">
  <testcase classname="com.tests.SauceValidLoginTest" name="invalidLoginTest" time="19.544"/>
  <system-out/>
</testsuite> <!-- com.tests.SauceValidLoginTest -->
