<?xml version="1.0" encoding="UTF-8"?>
<!-- Generated by org.testng.reporters.JUnitReportReporter -->
<testsuite skipped="0" hostname="Manish" name="com.pack2.M2" tests="1" failures="0" timestamp="10 Feb 2020 03:48:28 GMT" time="0.016" errors="0">
  <testcase name="test1" time="0.016" classname="com.pack2.M2"/>
</testsuite> <!-- com.pack2.M2 -->
