<?xml version="1.0" encoding="UTF-8"?>
<!-- Generated by org.testng.reporters.JUnitReportReporter -->
<testsuite skipped="0" hostname="Manish" name="com.pack1.Tester2" tests="3" failures="0" timestamp="10 Feb 2020 03:48:28 GMT" time="0.016" errors="0">
  <testcase name="test3" time="0.016" classname="com.pack1.Tester2"/>
  <testcase name="test2" time="0.000" classname="com.pack1.Tester2"/>
  <testcase name="test1" time="0.000" classname="com.pack1.Tester2"/>
</testsuite> <!-- com.pack1.Tester2 -->
