<?xml version="1.0" encoding="UTF-8"?>
<!-- Generated by org.testng.reporters.JUnitReportReporter -->
<testsuite skipped="0" hostname="Manish" name="com.pack2.M1" tests="1" failures="0" timestamp="10 Feb 2020 03:45:44 GMT" time="0.000" errors="0">
  <testcase name="test" time="0.000" classname="com.pack2.M1"/>
</testsuite> <!-- com.pack2.M1 -->
