<?xml version="1.0" encoding="UTF-8"?>
<!-- Generated by org.testng.reporters.JUnitReportReporter -->
<testsuite skipped="1" hostname="Manish" name="com.pack1.Tester4" tests="6" failures="0" timestamp="10 Feb 2020 03:48:28 GMT" time="0.015" errors="0">
  <testcase name="test9" time="0.015" classname="com.pack1.Tester4"/>
  <testcase name="test9" time="0.000" classname="com.pack1.Tester4"/>
  <testcase name="test7" time="0.000" classname="com.pack1.Tester4"/>
  <testcase name="test9" time="0.000" classname="com.pack1.Tester4"/>
  <testcase name="test9" time="0.000" classname="com.pack1.Tester4"/>
  <testcase name="test8" classname="com.pack1.Tester4">
    <skipped/>
  </testcase> <!-- test8 -->
</testsuite> <!-- com.pack1.Tester4 -->
