<?xml version="1.0" encoding="UTF-8"?>
<!-- Generated by org.testng.reporters.JUnitReportReporter -->
<testsuite skipped="0" hostname="Manish" name="com.pack1.Tester3" tests="2" failures="0" timestamp="10 Feb 2020 03:48:28 GMT" time="0.000" errors="0">
  <testcase name="test5" time="0.000" classname="com.pack1.Tester3"/>
  <testcase name="test6" time="0.000" classname="com.pack1.Tester3"/>
</testsuite> <!-- com.pack1.Tester3 -->
