<?xml version="1.0" encoding="UTF-8"?>
<!-- Generated by org.testng.reporters.JUnitReportReporter -->
<testsuite hostname="DESKTOP-H6V4GD0" failures="0" tests="1" name="com.tests.SauceInvalidLoginTest" time="8.229" errors="0" timestamp="2024-05-20T20:22:21 IST" skipped="0">
  <testcase classname="com.tests.SauceInvalidLoginTest" name="invalidLoginTest" time="8.229"/>
  <system-out/>
</testsuite> <!-- com.tests.SauceInvalidLoginTest -->
