<?xml version="1.0" encoding="UTF-8"?>
<!-- Generated by org.testng.reporters.JUnitReportReporter -->
<testsuite hostname="DESKTOP-H6V4GD0" failures="0" tests="5" name="com.tests.SauceValidLoginTest2" time="38.800" errors="0" timestamp="2024-05-20T20:15:21 IST" skipped="0">
  <testcase classname="com.tests.SauceValidLoginTest2" name="invalidLoginTest" time="5.815"/>
  <system-out/>
  <testcase classname="com.tests.SauceValidLoginTest2" name="invalidLoginTest" time="11.407"/>
  <system-out/>
  <testcase classname="com.tests.SauceValidLoginTest2" name="invalidLoginTest" time="6.676"/>
  <system-out/>
  <testcase classname="com.tests.SauceValidLoginTest2" name="invalidLoginTest" time="8.008"/>
  <system-out/>
  <testcase classname="com.tests.SauceValidLoginTest2" name="invalidLoginTest" time="6.894"/>
  <system-out/>
</testsuite> <!-- com.tests.SauceValidLoginTest2 -->
